[  0%] Built target rosgraph_msgs_generate_messages_eus
[  0%] Built target roscpp_generate_messages_cpp
[  0%] Built target std_msgs_generate_messages_eus
[  0%] Built target roscpp_generate_messages_nodejs
[  0%] Built target rosgraph_msgs_generate_messages_py
[  0%] Built target rosgraph_msgs_generate_messages_cpp
[  0%] Built target roscpp_generate_messages_eus
[  0%] Built target roscpp_generate_messages_py
[  0%] Built target std_msgs_generate_messages_lisp
[  0%] Built target std_msgs_generate_messages_cpp
[  0%] Built target std_msgs_generate_messages_nodejs
[  0%] Built target roscpp_generate_messages_lisp
[  0%] Built target rosgraph_msgs_generate_messages_nodejs
[  0%] Built target rosgraph_msgs_generate_messages_lisp
[  0%] Built target std_msgs_generate_messages_py
[35m[1mScanning dependencies of target talker_node[0m
[  9%] [32mBuilding CXX object CMakeFiles/talker_node.dir/src/talker.cpp.o[0m
[ 27%] Built target listener_node
[ 27%] Built target _rj_training_generate_messages_check_deps_StringWithHeader
[ 45%] Built target rj_training_generate_messages_nodejs
[ 54%] Built target rj_training_generate_messages_py
[ 63%] Built target rj_training_generate_messages_cpp
[ 81%] Built target rj_training_generate_messages_eus
[ 90%] Built target rj_training_generate_messages_lisp
[ 90%] Built target rj_training_generate_messages
[100%] [32m[1mLinking CXX executable /home/nqt/catkin_ws/devel/.private/rj_training/lib/rj_training/talker_node[0m
[100%] Built target talker_node
