Symlinking /home/nqt/catkin_ws/devel/include/rj_training/StringWithHeader.h
Linked: (/home/nqt/catkin_ws/devel/.private/rj_training/lib/pkgconfig/rj_training.pc, /home/nqt/catkin_ws/devel/lib/pkgconfig/rj_training.pc)
Linked: (/home/nqt/catkin_ws/devel/.private/rj_training/lib/rj_training/talker_node, /home/nqt/catkin_ws/devel/lib/rj_training/talker_node)
Linked: (/home/nqt/catkin_ws/devel/.private/rj_training/lib/rj_training/listener_node, /home/nqt/catkin_ws/devel/lib/rj_training/listener_node)
Symlinking /home/nqt/catkin_ws/devel/lib/python3/dist-packages/rj_training/__init__.py
Symlinking /home/nqt/catkin_ws/devel/lib/python3/dist-packages/rj_training/msg/_StringWithHeader.py
Symlinking /home/nqt/catkin_ws/devel/lib/python3/dist-packages/rj_training/msg/__init__.py
Symlinking /home/nqt/catkin_ws/devel/share/gennodejs/ros/rj_training/_index.js
Symlinking /home/nqt/catkin_ws/devel/share/gennodejs/ros/rj_training/msg/_index.js
Symlinking /home/nqt/catkin_ws/devel/share/gennodejs/ros/rj_training/msg/StringWithHeader.js
Symlinking /home/nqt/catkin_ws/devel/share/common-lisp/ros/rj_training/msg/rj_training-msg.asd
Symlinking /home/nqt/catkin_ws/devel/share/common-lisp/ros/rj_training/msg/_package_StringWithHeader.lisp
Symlinking /home/nqt/catkin_ws/devel/share/common-lisp/ros/rj_training/msg/StringWithHeader.lisp
Symlinking /home/nqt/catkin_ws/devel/share/common-lisp/ros/rj_training/msg/_package.lisp
Symlinking /home/nqt/catkin_ws/devel/share/roseus/ros/rj_training/manifest.l
Symlinking /home/nqt/catkin_ws/devel/share/roseus/ros/rj_training/msg/StringWithHeader.l
Linked: (/home/nqt/catkin_ws/devel/.private/rj_training/share/rj_training/cmake/rj_trainingConfig.cmake, /home/nqt/catkin_ws/devel/share/rj_training/cmake/rj_trainingConfig.cmake)
Linked: (/home/nqt/catkin_ws/devel/.private/rj_training/share/rj_training/cmake/rj_trainingConfig-version.cmake, /home/nqt/catkin_ws/devel/share/rj_training/cmake/rj_trainingConfig-version.cmake)
Symlinking /home/nqt/catkin_ws/devel/share/rj_training/cmake/rj_training-msg-paths.cmake
Symlinking /home/nqt/catkin_ws/devel/share/rj_training/cmake/rj_training-msg-extras.cmake
