[  0%] Built target rosgraph_msgs_generate_messages_cpp
[  0%] Built target roscpp_generate_messages_cpp
[  0%] Built target roscpp_generate_messages_py
[  0%] Built target roscpp_generate_messages_nodejs
[  0%] Built target roscpp_generate_messages_eus
[  0%] Built target std_msgs_generate_messages_eus
[  0%] Built target rosgraph_msgs_generate_messages_eus
[  0%] Built target rosgraph_msgs_generate_messages_py
[  0%] Built target std_msgs_generate_messages_nodejs
[  0%] Built target rosgraph_msgs_generate_messages_nodejs
[  0%] Built target std_msgs_generate_messages_lisp
[  0%] Built target std_msgs_generate_messages_cpp
[  0%] Built target rosgraph_msgs_generate_messages_lisp
[  0%] Built target std_msgs_generate_messages_py
[  0%] Built target roscpp_generate_messages_lisp
[ 36%] Built target listener_node
[ 36%] Built target talker_node
[ 36%] Built target _rj_training_generate_messages_check_deps_StringWithHeader
[ 54%] Built target rj_training_generate_messages_cpp
[ 63%] Built target rj_training_generate_messages_py
[ 81%] Built target rj_training_generate_messages_eus
[ 90%] Built target rj_training_generate_messages_lisp
[100%] Built target rj_training_generate_messages_nodejs
[100%] Built target rj_training_generate_messages
