[35m[1mScanning dependencies of target std_msgs_generate_messages_eus[0m
[35m[1mScanning dependencies of target std_msgs_generate_messages_py[0m
[35m[1mScanning dependencies of target _rj_training_generate_messages_check_deps_StringWithHeader[0m
[35m[1mScanning dependencies of target std_msgs_generate_messages_lisp[0m
[35m[1mScanning dependencies of target std_msgs_generate_messages_nodejs[0m
[35m[1mScanning dependencies of target std_msgs_generate_messages_cpp[0m
[35m[1mScanning dependencies of target listener_node[0m
[35m[1mScanning dependencies of target talker_node[0m
[  0%] Built target std_msgs_generate_messages_eus
[  0%] Built target std_msgs_generate_messages_py
[  0%] Built target std_msgs_generate_messages_nodejs
[  0%] Built target std_msgs_generate_messages_cpp
[  0%] Built target std_msgs_generate_messages_lisp
[  9%] [32mBuilding CXX object CMakeFiles/talker_node.dir/src/talker.cpp.o[0m
[ 18%] [32mBuilding CXX object CMakeFiles/listener_node.dir/src/listener.cpp.o[0m
[ 18%] Built target _rj_training_generate_messages_check_deps_StringWithHeader
[35m[1mScanning dependencies of target rj_training_generate_messages_cpp[0m
[35m[1mScanning dependencies of target rj_training_generate_messages_lisp[0m
[35m[1mScanning dependencies of target rj_training_generate_messages_eus[0m
[35m[1mScanning dependencies of target rj_training_generate_messages_py[0m
[35m[1mScanning dependencies of target rj_training_generate_messages_nodejs[0m
[ 36%] [34m[1mGenerating Python from MSG rj_training/StringWithHeader[0m
[ 36%] [34m[1mGenerating Lisp code from rj_training/StringWithHeader.msg[0m
[ 45%] [34m[1mGenerating C++ code from rj_training/StringWithHeader.msg[0m
[ 54%] [34m[1mGenerating EusLisp code from rj_training/StringWithHeader.msg[0m
[ 63%] [34m[1mGenerating Javascript code from rj_training/StringWithHeader.msg[0m
[ 72%] [34m[1mGenerating EusLisp manifest code for rj_training[0m
[ 72%] Built target rj_training_generate_messages_lisp
[ 72%] Built target rj_training_generate_messages_nodejs
[ 72%] Built target rj_training_generate_messages_cpp
[ 81%] [34m[1mGenerating Python msg __init__.py for rj_training[0m
[ 81%] Built target rj_training_generate_messages_py
[ 81%] Built target rj_training_generate_messages_eus
[35m[1mScanning dependencies of target rj_training_generate_messages[0m
[ 81%] Built target rj_training_generate_messages
[ 90%] [32m[1mLinking CXX executable /home/nqt/catkin_ws/devel/.private/rj_training/lib/rj_training/talker_node[0m
[100%] [32m[1mLinking CXX executable /home/nqt/catkin_ws/devel/.private/rj_training/lib/rj_training/listener_node[0m
[100%] Built target talker_node
[100%] Built target listener_node
